INFO:werkzeug:[31m[1mWARNING: This is a development server. Do not use it in a production deployment. Use a production WSGI server instead.[0m
 * Running on http://127.0.0.1:8080
INFO:werkzeug:[33mPress CTRL+C to quit[0m
INFO:werkzeug: * Restarting with stat
WARNING:werkzeug: * Debugger is active!
INFO:werkzeug: * Debugger PIN: 198-809-555
INFO:werkzeug:127.0.0.1 - - [10/Dec/2025 12:04:46] "GET /v1/users HTTP/1.1" 200 -
INFO:werkzeug: * Detected change in 'c:\\Users\\Netec\\Desktop\\miapi\\app.py', reloading
INFO:werkzeug: * Restarting with stat
INFO:werkzeug:[31m[1mWARNING: This is a development server. Do not use it in a production deployment. Use a production WSGI server instead.[0m
 * Running on http://127.0.0.1:8080
INFO:werkzeug:[33mPress CTRL+C to quit[0m
INFO:werkzeug: * Restarting with stat
WARNING:werkzeug: * Debugger is active!
INFO:werkzeug: * Debugger PIN: 198-809-555
INFO:__main__:OPERATION OK: Método GET users ejecutado correctamente
INFO:werkzeug:127.0.0.1 - - [10/Dec/2025 12:07:52] "GET /v1/users HTTP/1.1" 200 -
INFO:__main__:OPERATION OK: Método GET users ejecutado correctamente
INFO:werkzeug:127.0.0.1 - - [10/Dec/2025 12:07:55] "GET /v1/users HTTP/1.1" 200 -
INFO:werkzeug: * Detected change in 'c:\\Users\\Netec\\Desktop\\miapi\\app.py', reloading
INFO:werkzeug: * Restarting with stat
WARNING:werkzeug: * Debugger is active!
INFO:werkzeug: * Debugger PIN: 198-809-555
INFO:werkzeug: * Detected change in 'c:\\Users\\Netec\\Desktop\\miapi\\app.py', reloading
INFO:werkzeug: * Restarting with stat
WARNING:werkzeug: * Debugger is active!
INFO:werkzeug: * Debugger PIN: 198-809-555
INFO:werkzeug: * Detected change in 'c:\\Users\\Netec\\Desktop\\miapi\\app.py', reloading
INFO:werkzeug: * Restarting with stat
WARNING:werkzeug: * Debugger is active!
INFO:werkzeug: * Debugger PIN: 198-809-555
INFO:werkzeug: * Detected change in 'c:\\Users\\Netec\\Desktop\\miapi\\app.py', reloading
INFO:werkzeug: * Restarting with stat
WARNING:werkzeug: * Debugger is active!
INFO:werkzeug: * Debugger PIN: 198-809-555
INFO:werkzeug: * Detected change in 'c:\\Users\\Netec\\Desktop\\miapi\\app.py', reloading
INFO:werkzeug: * Restarting with stat
WARNING:werkzeug: * Debugger is active!
INFO:werkzeug: * Debugger PIN: 198-809-555
INFO:werkzeug: * Detected change in 'c:\\Users\\Netec\\Desktop\\miapi\\app.py', reloading
INFO:werkzeug: * Restarting with stat
WARNING:werkzeug: * Debugger is active!
INFO:werkzeug: * Debugger PIN: 198-809-555
INFO:werkzeug: * Detected change in 'c:\\Users\\Netec\\Desktop\\miapi\\app.py', reloading
INFO:werkzeug: * Restarting with stat
WARNING:werkzeug: * Debugger is active!
INFO:werkzeug: * Debugger PIN: 198-809-555
INFO:werkzeug: * Detected change in 'c:\\Users\\Netec\\Desktop\\miapi\\app.py', reloading
INFO:werkzeug: * Restarting with stat
WARNING:werkzeug: * Debugger is active!
INFO:werkzeug: * Debugger PIN: 198-809-555
INFO:werkzeug: * Detected change in 'c:\\Users\\Netec\\Desktop\\miapi\\app.py', reloading
INFO:werkzeug: * Restarting with stat
WARNING:werkzeug: * Debugger is active!
INFO:werkzeug: * Debugger PIN: 198-809-555
INFO:werkzeug: * Detected change in 'c:\\Users\\Netec\\Desktop\\miapi\\app.py', reloading
INFO:werkzeug: * Restarting with stat
WARNING:werkzeug: * Debugger is active!
INFO:werkzeug: * Debugger PIN: 198-809-555
INFO:werkzeug: * Detected change in 'c:\\Users\\Netec\\Desktop\\miapi\\app.py', reloading
INFO:werkzeug: * Restarting with stat
WARNING:werkzeug: * Debugger is active!
INFO:werkzeug: * Debugger PIN: 198-809-555
INFO:werkzeug: * Detected change in 'c:\\Users\\Netec\\Desktop\\miapi\\app.py', reloading
INFO:werkzeug: * Restarting with stat
WARNING:werkzeug: * Debugger is active!
INFO:werkzeug: * Debugger PIN: 198-809-555
INFO:werkzeug: * Detected change in 'c:\\Users\\Netec\\Desktop\\miapi\\app.py', reloading
INFO:werkzeug: * Restarting with stat
WARNING:werkzeug: * Debugger is active!
INFO:werkzeug: * Debugger PIN: 198-809-555
INFO:werkzeug: * Detected change in 'c:\\Users\\Netec\\Desktop\\miapi\\app.py', reloading
INFO:werkzeug: * Restarting with stat
WARNING:werkzeug: * Debugger is active!
INFO:werkzeug: * Debugger PIN: 198-809-555
INFO:__main__:OPERATION OK: Método GET users ejecutado correctamente
INFO:werkzeug:127.0.0.1 - - [10/Dec/2025 12:16:44] "GET /v1/users HTTP/1.1" 200 -
WARNING:__main__:AUTH NOT SUCESS: bear token incorrecto
INFO:werkzeug:127.0.0.1 - - [10/Dec/2025 12:16:59] "[31m[1mPOST /v1/users HTTP/1.1[0m" 401 -
INFO:werkzeug: * Detected change in 'c:\\Users\\Netec\\Desktop\\miapi\\app.py', reloading
INFO:werkzeug: * Restarting with stat
WARNING:werkzeug: * Debugger is active!
INFO:werkzeug: * Debugger PIN: 198-809-555
INFO:werkzeug: * Detected change in 'c:\\Users\\Netec\\Desktop\\miapi\\app.py', reloading
INFO:werkzeug: * Restarting with stat
WARNING:werkzeug: * Debugger is active!
INFO:werkzeug: * Debugger PIN: 198-809-555
INFO:werkzeug: * Detected change in 'c:\\Users\\Netec\\Desktop\\miapi\\app.py', reloading
INFO:werkzeug: * Restarting with stat
WARNING:werkzeug: * Debugger is active!
INFO:werkzeug: * Debugger PIN: 198-809-555
INFO:werkzeug: * Detected change in 'c:\\Users\\Netec\\Desktop\\miapi\\app.py', reloading
INFO:werkzeug: * Restarting with stat
WARNING:werkzeug: * Debugger is active!
INFO:werkzeug: * Debugger PIN: 198-809-555
INFO:werkzeug: * Detected change in 'c:\\Users\\Netec\\Desktop\\miapi\\app.py', reloading
INFO:werkzeug: * Restarting with stat
WARNING:werkzeug: * Debugger is active!
INFO:werkzeug: * Debugger PIN: 198-809-555
INFO:werkzeug: * Detected change in 'c:\\Users\\Netec\\Desktop\\miapi\\app.py', reloading
INFO:werkzeug: * Restarting with stat
WARNING:werkzeug: * Debugger is active!
INFO:werkzeug: * Debugger PIN: 198-809-555
INFO:werkzeug: * Detected change in 'c:\\Users\\Netec\\Desktop\\miapi\\app.py', reloading
INFO:werkzeug: * Restarting with stat
WARNING:werkzeug: * Debugger is active!
INFO:werkzeug: * Debugger PIN: 198-809-555
INFO:werkzeug: * Detected change in 'c:\\Users\\Netec\\Desktop\\miapi\\app.py', reloading
INFO:werkzeug: * Restarting with stat
WARNING:werkzeug: * Debugger is active!
INFO:werkzeug: * Debugger PIN: 198-809-555
INFO:werkzeug: * Detected change in 'c:\\Users\\Netec\\Desktop\\miapi\\app.py', reloading
INFO:werkzeug: * Restarting with stat
WARNING:werkzeug: * Debugger is active!
INFO:werkzeug: * Debugger PIN: 198-809-555
INFO:werkzeug: * Detected change in 'c:\\Users\\Netec\\Desktop\\miapi\\app.py', reloading
INFO:werkzeug: * Restarting with stat
WARNING:werkzeug: * Debugger is active!
INFO:werkzeug: * Debugger PIN: 198-809-555
INFO:werkzeug: * Detected change in 'c:\\Users\\Netec\\Desktop\\miapi\\app.py', reloading
INFO:werkzeug: * Restarting with stat
INFO:werkzeug:[31m[1mWARNING: This is a development server. Do not use it in a production deployment. Use a production WSGI server instead.[0m
 * Running on http://127.0.0.1:8080
INFO:werkzeug:[33mPress CTRL+C to quit[0m
INFO:werkzeug: * Restarting with stat
WARNING:werkzeug: * Debugger is active!
INFO:werkzeug: * Debugger PIN: 198-809-555
INFO:werkzeug: * Detected change in 'c:\\Users\\Netec\\Desktop\\miapi\\app.py', reloading
INFO:werkzeug: * Restarting with stat
WARNING:werkzeug: * Debugger is active!
INFO:werkzeug: * Debugger PIN: 198-809-555
INFO:werkzeug: * Detected change in 'c:\\Users\\Netec\\Desktop\\miapi\\app.py', reloading
INFO:werkzeug: * Restarting with stat
WARNING:werkzeug: * Debugger is active!
INFO:werkzeug: * Debugger PIN: 198-809-555
INFO:werkzeug: * Detected change in 'c:\\Users\\Netec\\Desktop\\miapi\\app.py', reloading
INFO:werkzeug: * Restarting with stat
WARNING:werkzeug: * Debugger is active!
INFO:werkzeug: * Debugger PIN: 198-809-555
INFO:werkzeug: * Detected change in 'c:\\Users\\Netec\\Desktop\\miapi\\app.py', reloading
INFO:werkzeug: * Restarting with stat
WARNING:werkzeug: * Debugger is active!
INFO:werkzeug: * Debugger PIN: 198-809-555
INFO:werkzeug: * Detected change in 'c:\\Users\\Netec\\Desktop\\miapi\\app.py', reloading
INFO:werkzeug: * Restarting with stat
WARNING:werkzeug: * Debugger is active!
INFO:werkzeug: * Debugger PIN: 198-809-555
INFO:werkzeug: * Detected change in 'c:\\Users\\Netec\\Desktop\\miapi\\app.py', reloading
INFO:werkzeug: * Restarting with stat
WARNING:werkzeug: * Debugger is active!
INFO:werkzeug: * Debugger PIN: 198-809-555
INFO:werkzeug: * Detected change in 'c:\\Users\\Netec\\Desktop\\miapi\\app.py', reloading
INFO:werkzeug: * Restarting with stat
WARNING:werkzeug: * Debugger is active!
INFO:werkzeug: * Debugger PIN: 198-809-555
INFO:werkzeug: * Detected change in 'c:\\Users\\Netec\\Desktop\\miapi\\app.py', reloading
INFO:werkzeug: * Restarting with stat
WARNING:werkzeug: * Debugger is active!
INFO:werkzeug: * Debugger PIN: 198-809-555
INFO:werkzeug: * Detected change in 'c:\\Users\\Netec\\Desktop\\miapi\\app.py', reloading
INFO:werkzeug: * Restarting with stat
WARNING:werkzeug: * Debugger is active!
INFO:werkzeug: * Debugger PIN: 198-809-555
INFO:werkzeug: * Detected change in 'c:\\Users\\Netec\\Desktop\\miapi\\app.py', reloading
INFO:werkzeug: * Restarting with stat
WARNING:werkzeug: * Debugger is active!
INFO:werkzeug: * Debugger PIN: 198-809-555
INFO:werkzeug: * Detected change in 'c:\\Users\\Netec\\Desktop\\miapi\\app.py', reloading
INFO:werkzeug: * Restarting with stat
WARNING:werkzeug: * Debugger is active!
INFO:werkzeug: * Debugger PIN: 198-809-555
INFO:werkzeug: * Detected change in 'c:\\Users\\Netec\\Desktop\\miapi\\app.py', reloading
INFO:werkzeug: * Restarting with stat
WARNING:werkzeug: * Debugger is active!
INFO:werkzeug: * Debugger PIN: 198-809-555
INFO:werkzeug: * Detected change in 'c:\\Users\\Netec\\Desktop\\miapi\\app.py', reloading
INFO:werkzeug: * Restarting with stat
INFO:werkzeug:[31m[1mWARNING: This is a development server. Do not use it in a production deployment. Use a production WSGI server instead.[0m
 * Running on http://127.0.0.1:8080
INFO:werkzeug:[33mPress CTRL+C to quit[0m
INFO:werkzeug: * Restarting with stat
WARNING:werkzeug: * Debugger is active!
INFO:werkzeug: * Debugger PIN: 198-809-555
INFO:werkzeug:127.0.0.1 - - [10/Dec/2025 12:25:28] "[31m[1mPOST /v1/users HTTP/1.1[0m" 400 -
WARNING:__main__:VALUE ERROR: 123 o fff son invalidos
INFO:werkzeug:127.0.0.1 - - [10/Dec/2025 12:25:35] "[31m[1mPOST /v1/users HTTP/1.1[0m" 400 -
INFO:__main__:INSERT SUCCESS:Cele,10 
INFO:werkzeug:127.0.0.1 - - [10/Dec/2025 12:25:42] "[35m[1mPOST /v1/users HTTP/1.1[0m" 201 -
